[ {
  "error" : null,
  "currentMoviesList" : [ ],
  "currentUser" : {
    "credentials" : {
      "name" : "Ramsi",
      "password" : "numiplacevelea",
      "accountType" : "standard",
      "country" : "Russia",
      "balance" : "300"
    },
    "purchasedMovies" : [ ],
    "watchedMovies" : [ ],
    "likedMovies" : [ ],
    "ratedMovies" : [ ],
    "tokensCount" : 0,
    "numFreePremiumMovies" : 15
  }
}, {
  "error" : null,
  "currentMoviesList" : [ ],
  "currentUser" : {
    "credentials" : {
      "name" : "Ramsi",
      "password" : "numiplacevelea",
      "accountType" : "standard",
      "country" : "Russia",
      "balance" : "300"
    },
    "purchasedMovies" : [ ],
    "watchedMovies" : [ ],
    "likedMovies" : [ ],
    "ratedMovies" : [ ],
    "tokensCount" : 0,
    "numFreePremiumMovies" : 15
  }
}, {
  "error" : null,
  "currentMoviesList" : [ ],
  "currentUser" : {
    "credentials" : {
      "name" : "Ramsi",
      "password" : "numiplacevelea",
      "accountType" : "standard",
      "country" : "Russia",
      "balance" : "300"
    },
    "purchasedMovies" : [ ],
    "watchedMovies" : [ ],
    "likedMovies" : [ ],
    "ratedMovies" : [ ],
    "tokensCount" : 0,
    "numFreePremiumMovies" : 15
  }
} ]